<?xml version="1.0" encoding="UTF-8"?>
<testsuite name="CalculatorTest" tests="5" skipped="0" failures="0" errors="0" timestamp="2020-05-08T08:47:58" hostname="10.0.0.9" time="0.088">
  <properties/>
  <testcase name="addsTwoNumbers()" classname="CalculatorTest" time="0.016"/>
  <testcase name="add(int, int, int)[1]" classname="CalculatorTest" time="0.02"/>
  <testcase name="add(int, int, int)[2]" classname="CalculatorTest" time="0.001"/>
  <testcase name="add(int, int, int)[3]" classname="CalculatorTest" time="0.002"/>
  <testcase name="add(int, int, int)[4]" classname="CalculatorTest" time="0.001"/>
  <system-out><![CDATA[]]></system-out>
  <system-err><![CDATA[]]></system-err>
</testsuite>
