<?xml version="1.0" encoding="UTF-8"?>
<testsuite name="MoneyTest" tests="1" skipped="0" failures="0" errors="0" timestamp="2020-06-18T08:44:34" hostname="10.0.0.5" time="0.002">
  <properties/>
  <testcase name="testEquality" classname="MoneyTest" time="0.002"/>
  <system-out><![CDATA[]]></system-out>
  <system-err><![CDATA[]]></system-err>
</testsuite>
